This is pdfTeX, Version 3.141592653-2.6-1.40.23 (TeX Live 2021/W32TeX) (preloaded format=pdflatex 2022.1.8)  24 JUN 2023 01:06
entering extended mode
 restricted \write18 enabled.
 %&-line parsing enabled.
**ALL_xx-TICPS-xxxx.tex
(./ALL_xx-TICPS-xxxx.tex
LaTeX2e <2021-11-15> patch level 1
L3 programming layer <2021-11-22> (./IEEEtranTICPS.cls

LaTeX Warning: You have requested document class `IEEEtranTICPS',
               but the document class provides `IEEEtranTIE'.

Document Class: IEEEtranTIE 2015/08/26 V1.8b by Michael Shell
-- See the "IEEEtran_HOWTO" manual for usage information.
-- http://www.michaelshell.org/tex/ieeetran/
\@IEEEtrantmpdimenA=\dimen138
\@IEEEtrantmpdimenB=\dimen139
\@IEEEtrantmpdimenC=\dimen140
\@IEEEtrantmpcountA=\count183
\@IEEEtrantmpcountB=\count184
\@IEEEtrantmpcountC=\count185
\@IEEEtrantmptoksA=\toks16
LaTeX Font Info:    Trying to load font information for OT1+ptm on input line 5
05.
(c:/texlive/2021/texmf-dist/tex/latex/psnfss/ot1ptm.fd
File: ot1ptm.fd 2001/06/04 font definitions for OT1/ptm.
)
-- Using 8.5in x 11in (letter) paper.
-- Using PDF output.
\@IEEEnormalsizeunitybaselineskip=\dimen141
-- This is a 10 point document.
\CLASSINFOnormalsizebaselineskip=\dimen142
\CLASSINFOnormalsizeunitybaselineskip=\dimen143
\IEEEnormaljot=\dimen144
LaTeX Font Info:    Font shape `OT1/ptm/bx/n' in size <5> not available
(Font)              Font shape `OT1/ptm/b/n' tried instead on input line 1092.
LaTeX Font Info:    Font shape `OT1/ptm/bx/it' in size <5> not available
(Font)              Font shape `OT1/ptm/b/it' tried instead on input line 1092.

LaTeX Font Info:    Font shape `OT1/ptm/bx/n' in size <7> not available
(Font)              Font shape `OT1/ptm/b/n' tried instead on input line 1092.
LaTeX Font Info:    Font shape `OT1/ptm/bx/it' in size <7> not available
(Font)              Font shape `OT1/ptm/b/it' tried instead on input line 1092.

LaTeX Font Info:    Font shape `OT1/ptm/bx/n' in size <8> not available
(Font)              Font shape `OT1/ptm/b/n' tried instead on input line 1092.
LaTeX Font Info:    Font shape `OT1/ptm/bx/it' in size <8> not available
(Font)              Font shape `OT1/ptm/b/it' tried instead on input line 1092.

LaTeX Font Info:    Font shape `OT1/ptm/bx/n' in size <9> not available
(Font)              Font shape `OT1/ptm/b/n' tried instead on input line 1092.
LaTeX Font Info:    Font shape `OT1/ptm/bx/it' in size <9> not available
(Font)              Font shape `OT1/ptm/b/it' tried instead on input line 1092.

LaTeX Font Info:    Font shape `OT1/ptm/bx/n' in size <10> not available
(Font)              Font shape `OT1/ptm/b/n' tried instead on input line 1092.
LaTeX Font Info:    Font shape `OT1/ptm/bx/it' in size <10> not available
(Font)              Font shape `OT1/ptm/b/it' tried instead on input line 1092.

LaTeX Font Info:    Font shape `OT1/ptm/bx/n' in size <11> not available
(Font)              Font shape `OT1/ptm/b/n' tried instead on input line 1092.
LaTeX Font Info:    Font shape `OT1/ptm/bx/it' in size <11> not available
(Font)              Font shape `OT1/ptm/b/it' tried instead on input line 1092.

LaTeX Font Info:    Font shape `OT1/ptm/bx/n' in size <12> not available
(Font)              Font shape `OT1/ptm/b/n' tried instead on input line 1092.
LaTeX Font Info:    Font shape `OT1/ptm/bx/it' in size <12> not available
(Font)              Font shape `OT1/ptm/b/it' tried instead on input line 1092.

LaTeX Font Info:    Font shape `OT1/ptm/bx/n' in size <17> not available
(Font)              Font shape `OT1/ptm/b/n' tried instead on input line 1092.
LaTeX Font Info:    Font shape `OT1/ptm/bx/it' in size <17> not available
(Font)              Font shape `OT1/ptm/b/it' tried instead on input line 1092.

LaTeX Font Info:    Font shape `OT1/ptm/bx/n' in size <20> not available
(Font)              Font shape `OT1/ptm/b/n' tried instead on input line 1092.
LaTeX Font Info:    Font shape `OT1/ptm/bx/it' in size <20> not available
(Font)              Font shape `OT1/ptm/b/it' tried instead on input line 1092.

LaTeX Font Info:    Font shape `OT1/ptm/bx/n' in size <24> not available
(Font)              Font shape `OT1/ptm/b/n' tried instead on input line 1092.
LaTeX Font Info:    Font shape `OT1/ptm/bx/it' in size <24> not available
(Font)              Font shape `OT1/ptm/b/it' tried instead on input line 1092.

\IEEEquantizedlength=\dimen145
\IEEEquantizedlengthdiff=\dimen146
\IEEEquantizedtextheightdiff=\dimen147
\IEEEilabelindentA=\dimen148
\IEEEilabelindentB=\dimen149
\IEEEilabelindent=\dimen150
\IEEEelabelindent=\dimen151
\IEEEdlabelindent=\dimen152
\IEEElabelindent=\dimen153
\IEEEiednormlabelsep=\dimen154
\IEEEiedmathlabelsep=\dimen155
\IEEEiedtopsep=\skip47
\c@section=\count186
\c@subsection=\count187
\c@subsubsection=\count188
\c@paragraph=\count189
\c@IEEEsubequation=\count190
\abovecaptionskip=\skip48
\belowcaptionskip=\skip49
\c@figure=\count191
\c@table=\count192
\@IEEEeqnnumcols=\count193
\@IEEEeqncolcnt=\count194
\@IEEEsubeqnnumrollback=\count195
\@IEEEquantizeheightA=\dimen156
\@IEEEquantizeheightB=\dimen157
\@IEEEquantizeheightC=\dimen158
\@IEEEquantizeprevdepth=\dimen159
\@IEEEquantizemultiple=\count196
\@IEEEquantizeboxA=\box50
\@IEEEtmpitemindent=\dimen160
\IEEEPARstartletwidth=\dimen161
\c@IEEEbiography=\count197
\@IEEEtranrubishbin=\box51
) (c:/texlive/2021/texmf-dist/tex/latex/graphics/graphicx.sty
Package: graphicx 2021/09/16 v1.2d Enhanced LaTeX Graphics (DPC,SPQR)

(c:/texlive/2021/texmf-dist/tex/latex/graphics/keyval.sty
Package: keyval 2014/10/28 v1.15 key=value parser (DPC)
\KV@toks@=\toks17
)
(c:/texlive/2021/texmf-dist/tex/latex/graphics/graphics.sty
Package: graphics 2021/03/04 v1.4d Standard LaTeX Graphics (DPC,SPQR)

(c:/texlive/2021/texmf-dist/tex/latex/graphics/trig.sty
Package: trig 2021/08/11 v1.11 sin cos tan (DPC)
)
(c:/texlive/2021/texmf-dist/tex/latex/graphics-cfg/graphics.cfg
File: graphics.cfg 2016/06/04 v1.11 sample graphics configuration
)
Package graphics Info: Driver file: pdftex.def on input line 107.

(c:/texlive/2021/texmf-dist/tex/latex/graphics-def/pdftex.def
File: pdftex.def 2020/10/05 v1.2a Graphics/color driver for pdftex
))
\Gin@req@height=\dimen162
\Gin@req@width=\dimen163
)
(c:/texlive/2021/texmf-dist/tex/latex/cite/cite.sty
LaTeX Info: Redefining \cite on input line 302.
LaTeX Info: Redefining \nocite on input line 332.
Package: cite 2015/02/27  v 5.5
)
(c:/texlive/2021/texmf-dist/tex/latex/picinpar/picinpar.sty
Pictures in Paragraphs. Version 1.2a, July 13, 1993
\br=\count198
\bl=\count199
\na=\count266
\nb=\count267
\tcdsav=\count268
\tcl=\count269
\tcd=\count270
\tcn=\count271
\cumtcl=\count272
\cumpartcl=\count273
\lftside=\dimen164
\rtside=\dimen165
\hpic=\dimen166
\vpic=\dimen167
\strutilg=\dimen168
\picwd=\dimen169
\topheight=\dimen170
\ilg=\dimen171
\lpic=\dimen172
\lwindowsep=\dimen173
\rwindowsep=\dimen174
\cumpar=\dimen175
\twa=\toks18
\la=\toks19
\ra=\toks20
\ha=\toks21
\pictoc=\toks22
\rawtext=\box52
\holder=\box53
\windowbox=\box54
\wartext=\box55
\finaltext=\box56
\aslice=\box57
\bslice=\box58
\wbox=\box59
\wstrutbox=\box60
\picbox=\box61
\waslice=\box62
\wbslice=\box63
\fslice=\box64
) (c:/texlive/2021/texmf-dist/tex/latex/amsmath/amsmath.sty
Package: amsmath 2021/10/15 v2.17l AMS math features
\@mathmargin=\skip50

For additional information on amsmath, use the `?' option.
(c:/texlive/2021/texmf-dist/tex/latex/amsmath/amstext.sty
Package: amstext 2021/08/26 v2.01 AMS text

(c:/texlive/2021/texmf-dist/tex/latex/amsmath/amsgen.sty
File: amsgen.sty 1999/11/30 v2.0 generic functions
\@emptytoks=\toks23
\ex@=\dimen176
))
(c:/texlive/2021/texmf-dist/tex/latex/amsmath/amsbsy.sty
Package: amsbsy 1999/11/29 v1.2d Bold Symbols
\pmbraise@=\dimen177
)
(c:/texlive/2021/texmf-dist/tex/latex/amsmath/amsopn.sty
Package: amsopn 2021/08/26 v2.02 operator names
)
\inf@bad=\count274
LaTeX Info: Redefining \frac on input line 234.
\uproot@=\count275
\leftroot@=\count276
LaTeX Info: Redefining \overline on input line 399.
\classnum@=\count277
\DOTSCASE@=\count278
LaTeX Info: Redefining \ldots on input line 496.
LaTeX Info: Redefining \dots on input line 499.
LaTeX Info: Redefining \cdots on input line 620.
\Mathstrutbox@=\box65
\strutbox@=\box66
\big@size=\dimen178
LaTeX Font Info:    Redeclaring font encoding OML on input line 743.
LaTeX Font Info:    Redeclaring font encoding OMS on input line 744.
\macc@depth=\count279
\c@MaxMatrixCols=\count280
\dotsspace@=\muskip16
\c@parentequation=\count281
\dspbrk@lvl=\count282
\tag@help=\toks24
\row@=\count283
\column@=\count284
\maxfields@=\count285
\andhelp@=\toks25
\eqnshift@=\dimen179
\alignsep@=\dimen180
\tagshift@=\dimen181
\tagwidth@=\dimen182
\totwidth@=\dimen183
\lineht@=\dimen184
\@envbody=\toks26
\multlinegap=\skip51
\multlinetaggap=\skip52
\mathdisplay@stack=\toks27
LaTeX Info: Redefining \[ on input line 2938.
LaTeX Info: Redefining \] on input line 2939.
)
(c:/texlive/2021/texmf-dist/tex/latex/url/url.sty
\Urlmuskip=\muskip17
Package: url 2013/09/16  ver 3.4  Verb mode for urls, etc.
)
(c:/texlive/2021/texmf-dist/tex/latex/sttools/flushend.sty
Package: flushend 2021/10/04 v4.0 Balancing columns in twocolumn mode
\flushend@@lastskip@a=\skip53
\flushend@@lastskip@b=\skip54
\flushend@@lastnode=\count286
\var@@loop@iter=\count287
\var@@temp@spread=\dimen185
\var@@temp@a=\dimen186
\var@@temp@loop=\dimen187
\flushend@@page@rule=\dimen188
\flushend@@varbox@lastpage=\box67
\flushend@@varbox@a=\box68
\flushend@@varbox@c=\box69
\flushend@@tempbox@a=\box70
\flushend@@tempbox@c=\box71
\flushend@@floatbox=\box72
\@viper=\box73
\hold@viper=\box74
\atColsBreak=\toks28
\atColsEnd=\toks29
\oldbreak@skip=\dimen189
)
(c:/texlive/2021/texmf-dist/tex/latex/base/inputenc.sty
Package: inputenc 2021/02/14 v1.3d Input encoding file
\inpenc@prehook=\toks30
\inpenc@posthook=\toks31

(c:/texlive/2021/texmf-dist/tex/latex/base/latin1.def
File: latin1.def 2021/02/14 v1.3d Input encoding file
))
(c:/texlive/2021/texmf-dist/tex/latex/colortbl/colortbl.sty
Package: colortbl 2020/01/04 v1.0e Color table columns (DPC)

(c:/texlive/2021/texmf-dist/tex/latex/tools/array.sty
Package: array 2021/10/04 v2.5f Tabular extension package (FMi)
\col@sep=\dimen190
\ar@mcellbox=\box75
\extrarowheight=\dimen191
\NC@list=\toks32
\extratabsurround=\skip55
\backup@length=\skip56
\ar@cellbox=\box76
)
(c:/texlive/2021/texmf-dist/tex/latex/graphics/color.sty
Package: color 2021/12/07 v1.3c Standard LaTeX Color (DPC)

(c:/texlive/2021/texmf-dist/tex/latex/graphics-cfg/color.cfg
File: color.cfg 2016/01/02 v1.6 sample color configuration
)
Package color Info: Driver file: pdftex.def on input line 149.
)
\everycr=\toks33
\minrowclearance=\skip57
)
(c:/texlive/2021/texmf-dist/tex/generic/soul/soul.sty
Package: soul 2003/11/17 v2.4 letterspacing/underlining (mf)
\SOUL@word=\toks34
\SOUL@lasttoken=\toks35
\SOUL@cmds=\toks36
\SOUL@buffer=\toks37
\SOUL@token=\toks38
\SOUL@spaceskip=\skip58
\SOUL@ttwidth=\dimen192
\SOUL@uldp=\dimen193
\SOUL@ulht=\dimen194
)
(c:/texlive/2021/texmf-dist/tex/latex/multirow/multirow.sty
Package: multirow 2021/03/15 v2.8 Span multiple rows of a table
\multirow@colwidth=\skip59
\multirow@cntb=\count288
\multirow@dima=\skip60
\bigstrutjot=\dimen195
)
(c:/texlive/2021/texmf-dist/tex/latex/psnfss/pifont.sty
Package: pifont 2020/03/25 PSNFSS-v9.3 Pi font support (SPQR) 
LaTeX Font Info:    Trying to load font information for U+pzd on input line 63.


(c:/texlive/2021/texmf-dist/tex/latex/psnfss/upzd.fd
File: upzd.fd 2001/06/04 font definitions for U/pzd.
)
LaTeX Font Info:    Trying to load font information for U+psy on input line 64.


(c:/texlive/2021/texmf-dist/tex/latex/psnfss/upsy.fd
File: upsy.fd 2001/06/04 font definitions for U/psy.
))
(c:/texlive/2021/texmf-dist/tex/latex/base/alltt.sty
Package: alltt 2021/01/29 v2.0g defines alltt environment
)
(c:/texlive/2021/texmf-dist/tex/latex/hyperref/hyperref.sty
Package: hyperref 2021-06-07 v7.00m Hypertext links for LaTeX

(c:/texlive/2021/texmf-dist/tex/generic/ltxcmds/ltxcmds.sty
Package: ltxcmds 2020-05-10 v1.25 LaTeX kernel commands for general use (HO)
)
(c:/texlive/2021/texmf-dist/tex/generic/iftex/iftex.sty
Package: iftex 2020/03/06 v1.0d TeX engine tests
)
(c:/texlive/2021/texmf-dist/tex/generic/pdftexcmds/pdftexcmds.sty
Package: pdftexcmds 2020-06-27 v0.33 Utility functions of pdfTeX for LuaTeX (HO
)

(c:/texlive/2021/texmf-dist/tex/generic/infwarerr/infwarerr.sty
Package: infwarerr 2019/12/03 v1.5 Providing info/warning/error messages (HO)
)
Package pdftexcmds Info: \pdf@primitive is available.
Package pdftexcmds Info: \pdf@ifprimitive is available.
Package pdftexcmds Info: \pdfdraftmode found.
)
(c:/texlive/2021/texmf-dist/tex/generic/kvsetkeys/kvsetkeys.sty
Package: kvsetkeys 2019/12/15 v1.18 Key value parser (HO)
)
(c:/texlive/2021/texmf-dist/tex/generic/kvdefinekeys/kvdefinekeys.sty
Package: kvdefinekeys 2019-12-19 v1.6 Define keys (HO)
)
(c:/texlive/2021/texmf-dist/tex/generic/pdfescape/pdfescape.sty
Package: pdfescape 2019/12/09 v1.15 Implements pdfTeX's escape features (HO)
)
(c:/texlive/2021/texmf-dist/tex/latex/hycolor/hycolor.sty
Package: hycolor 2020-01-27 v1.10 Color options for hyperref/bookmark (HO)
)
(c:/texlive/2021/texmf-dist/tex/latex/letltxmacro/letltxmacro.sty
Package: letltxmacro 2019/12/03 v1.6 Let assignment for LaTeX macros (HO)
)
(c:/texlive/2021/texmf-dist/tex/latex/auxhook/auxhook.sty
Package: auxhook 2019-12-17 v1.6 Hooks for auxiliary files (HO)
)
(c:/texlive/2021/texmf-dist/tex/latex/kvoptions/kvoptions.sty
Package: kvoptions 2020-10-07 v3.14 Key value format for package options (HO)
)
\@linkdim=\dimen196
\Hy@linkcounter=\count289
\Hy@pagecounter=\count290

(c:/texlive/2021/texmf-dist/tex/latex/hyperref/pd1enc.def
File: pd1enc.def 2021-06-07 v7.00m Hyperref: PDFDocEncoding definition (HO)
Now handling font encoding PD1 ...
... no UTF-8 mapping file for font encoding PD1
)
(c:/texlive/2021/texmf-dist/tex/latex/hyperref/hyperref-langpatches.def
File: hyperref-langpatches.def 2021-06-07 v7.00m Hyperref: patches for babel la
nguages
)
(c:/texlive/2021/texmf-dist/tex/generic/intcalc/intcalc.sty
Package: intcalc 2019/12/15 v1.3 Expandable calculations with integers (HO)
)
(c:/texlive/2021/texmf-dist/tex/generic/etexcmds/etexcmds.sty
Package: etexcmds 2019/12/15 v1.7 Avoid name clashes with e-TeX commands (HO)
)
\Hy@SavedSpaceFactor=\count291

(c:/texlive/2021/texmf-dist/tex/latex/hyperref/puenc.def
File: puenc.def 2021-06-07 v7.00m Hyperref: PDF Unicode definition (HO)
Now handling font encoding PU ...
... no UTF-8 mapping file for font encoding PU
)
Package hyperref Info: Hyper figures OFF on input line 4192.
Package hyperref Info: Link nesting OFF on input line 4197.
Package hyperref Info: Hyper index ON on input line 4200.
Package hyperref Info: Plain pages OFF on input line 4207.
Package hyperref Info: Backreferencing OFF on input line 4212.
Package hyperref Info: Implicit mode ON; LaTeX internals redefined.
Package hyperref Info: Bookmarks ON on input line 4445.
\c@Hy@tempcnt=\count292
LaTeX Info: Redefining \url on input line 4804.
\XeTeXLinkMargin=\dimen197

(c:/texlive/2021/texmf-dist/tex/generic/bitset/bitset.sty
Package: bitset 2019/12/09 v1.3 Handle bit-vector datatype (HO)

(c:/texlive/2021/texmf-dist/tex/generic/bigintcalc/bigintcalc.sty
Package: bigintcalc 2019/12/15 v1.5 Expandable calculations on big integers (HO
)
))
\Fld@menulength=\count293
\Field@Width=\dimen198
\Fld@charsize=\dimen199
Package hyperref Info: Hyper figures OFF on input line 6076.
Package hyperref Info: Link nesting OFF on input line 6081.
Package hyperref Info: Hyper index ON on input line 6084.
Package hyperref Info: backreferencing OFF on input line 6091.
Package hyperref Info: Link coloring OFF on input line 6096.
Package hyperref Info: Link coloring with OCG OFF on input line 6101.
Package hyperref Info: PDF/A mode OFF on input line 6106.
LaTeX Info: Redefining \ref on input line 6146.
LaTeX Info: Redefining \pageref on input line 6150.

(c:/texlive/2021/texmf-dist/tex/latex/base/atbegshi-ltx.sty
Package: atbegshi-ltx 2021/01/10 v1.0c Emulation of the original atbegshi
package with kernel methods
)
\Hy@abspage=\count294
\c@Item=\count295
\c@Hfootnote=\count296
)
Package hyperref Info: Driver (autodetected): hpdftex.

(c:/texlive/2021/texmf-dist/tex/latex/hyperref/hpdftex.def
File: hpdftex.def 2021-06-07 v7.00m Hyperref driver for pdfTeX

(c:/texlive/2021/texmf-dist/tex/latex/base/atveryend-ltx.sty
Package: atveryend-ltx 2020/08/19 v1.0a Emulation of the original atveryend pac
kage
with kernel methods
)
\Fld@listcount=\count297
\c@bookmark@seq@number=\count298

(c:/texlive/2021/texmf-dist/tex/latex/rerunfilecheck/rerunfilecheck.sty
Package: rerunfilecheck 2019/12/05 v1.9 Rerun checks for auxiliary files (HO)

(c:/texlive/2021/texmf-dist/tex/generic/uniquecounter/uniquecounter.sty
Package: uniquecounter 2019/12/15 v1.4 Provide unlimited unique counter (HO)
)
Package uniquecounter Info: New unique counter `rerunfilecheck' on input line 2
86.
)
\Hy@SectionHShift=\skip61
)
(c:/texlive/2021/texmf-dist/tex/latex/tools/enumerate.sty
Package: enumerate 2015/07/23 v3.00 enumerate extensions (DPC)
\@enLab=\toks39
)
(c:/texlive/2021/texmf-dist/tex/latex/siunitx/siunitx.sty
Package: siunitx 2022-01-05 v3.0.39 A comprehensive (SI) units package
\l__siunitx_angle_tmp_dim=\dimen256
\l__siunitx_angle_marker_box=\box77
\l__siunitx_angle_unit_box=\box78
\l__siunitx_compound_count_int=\count299

(c:/texlive/2021/texmf-dist/tex/latex/translations/translations.sty
Package: translations 2022/01/04 v1.11 internationalization of LaTeX2e packages
 (CN)

(c:/texlive/2021/texmf-dist/tex/latex/etoolbox/etoolbox.sty
Package: etoolbox 2020/10/05 v2.5k e-TeX tools for LaTeX (JAW)
\etb@tempcnta=\count300
))
\l__siunitx_number_exponent_fixed_int=\count301
\l__siunitx_number_min_decimal_int=\count302
\l__siunitx_number_min_integer_int=\count303
\l__siunitx_number_round_precision_int=\count304
\l__siunitx_number_group_minimum_int=\count305
\l__siunitx_table_tmp_box=\box79
\l__siunitx_table_tmp_dim=\dimen257
\l__siunitx_table_column_width_dim=\dimen258
\l__siunitx_table_integer_box=\box80
\l__siunitx_table_decimal_box=\box81
\l__siunitx_table_before_box=\box82
\l__siunitx_table_after_box=\box83
\l__siunitx_table_before_dim=\dimen259
\l__siunitx_table_carry_dim=\dimen260
\l__siunitx_unit_tmp_int=\count306
\l__siunitx_unit_position_int=\count307
\l__siunitx_unit_total_int=\count308

(c:/texlive/2021/texmf-dist/tex/latex/l3packages/l3keys2e/l3keys2e.sty
(c:/texlive/2021/texmf-dist/tex/latex/l3kernel/expl3.sty
Package: expl3 2021-11-22 L3 programming layer (loader) 

(c:/texlive/2021/texmf-dist/tex/latex/l3backend/l3backend-pdftex.def
File: l3backend-pdftex.def 2021-12-14 L3 backend support: PDF output (pdfTeX)
\l__color_backend_stack_int=\count309
\l__pdf_internal_box=\box84
))
Package: l3keys2e 2021-11-12 LaTeX2e option processing using LaTeX3 keys
))
(c:/texlive/2021/texmf-dist/tex/latex/breakurl/breakurl.sty
Package: breakurl 2013/04/10 v1.40 Breakable hyperref URLs

(c:/texlive/2021/texmf-dist/tex/latex/xkeyval/xkeyval.sty
Package: xkeyval 2020/11/20 v2.8 package option processing (HA)

(c:/texlive/2021/texmf-dist/tex/generic/xkeyval/xkeyval.tex
(c:/texlive/2021/texmf-dist/tex/generic/xkeyval/xkvutils.tex
\XKV@toks=\toks40
\XKV@tempa@toks=\toks41
)
\XKV@depth=\count310
File: xkeyval.tex 2014/12/03 v2.7a key=value parser (HA)
))
(c:/texlive/2021/texmf-dist/tex/generic/iftex/ifpdf.sty
Package: ifpdf 2019/10/25 v3.4 ifpdf legacy package. Use iftex instead.
)

Package breakurl Warning: You are using breakurl while processing via pdflatex.

(breakurl)                \burl will be just a synonym of \url.
(breakurl)                 on input line 48.

) (c:/texlive/2021/texmf-dist/tex/latex/epstopdf-pkg/epstopdf.sty
Package: epstopdf 2020-01-24 v2.11 Conversion with epstopdf on the fly (HO)

(c:/texlive/2021/texmf-dist/tex/latex/grfext/grfext.sty
Package: grfext 2019/12/03 v1.3 Manage graphics extensions (HO)
)
(c:/texlive/2021/texmf-dist/tex/latex/epstopdf-pkg/epstopdf-base.sty
Package: epstopdf-base 2020-01-24 v2.11 Base part for package epstopdf
Package epstopdf-base Info: Redefining graphics rule for `.eps' on input line 4
85.
Package grfext Info: Graphics extension search list:
(grfext)             [.pdf,.png,.jpg,.mps,.jpeg,.jbig2,.jb2,.PDF,.PNG,.JPG,.JPE
G,.JBIG2,.JB2,.eps]
(grfext)             \AppendGraphicsExtensions on input line 504.

(c:/texlive/2021/texmf-dist/tex/latex/latexconfig/epstopdf-sys.cfg
File: epstopdf-sys.cfg 2010/07/13 v1.3 Configuration of (r)epstopdf for TeX Liv
e
)))
(c:/texlive/2021/texmf-dist/tex/latex/pbox/pbox.sty
Package: pbox 2011/12/07 v1.2 Dynamic parboxes

(c:/texlive/2021/texmf-dist/tex/latex/tools/calc.sty
Package: calc 2017/05/25 v4.3 Infix arithmetic (KKT,FJ)
\calc@Acount=\count311
\calc@Bcount=\count312
\calc@Adimen=\dimen261
\calc@Bdimen=\dimen262
\calc@Askip=\skip62
\calc@Bskip=\skip63
LaTeX Info: Redefining \setlength on input line 80.
LaTeX Info: Redefining \addtolength on input line 81.
\calc@Ccount=\count313
\calc@Cskip=\skip64
)
(c:/texlive/2021/texmf-dist/tex/latex/base/ifthen.sty
Package: ifthen 2020/11/24 v1.1c Standard LaTeX ifthen package (DPC)
)
\pb@xlen=\skip65
)
Package translations Info: No language package found. I am going to use `englis
h' as default language. on input line 23.

(./ALL_xx-TICPS-xxxx.aux)
\openout1 = `ALL_xx-TICPS-xxxx.aux'.

LaTeX Font Info:    Checking defaults for OML/cmm/m/it on input line 23.
LaTeX Font Info:    ... okay on input line 23.
LaTeX Font Info:    Checking defaults for OMS/cmsy/m/n on input line 23.
LaTeX Font Info:    ... okay on input line 23.
LaTeX Font Info:    Checking defaults for OT1/cmr/m/n on input line 23.
LaTeX Font Info:    ... okay on input line 23.
LaTeX Font Info:    Checking defaults for T1/cmr/m/n on input line 23.
LaTeX Font Info:    ... okay on input line 23.
LaTeX Font Info:    Checking defaults for TS1/cmr/m/n on input line 23.
LaTeX Font Info:    ... okay on input line 23.
LaTeX Font Info:    Checking defaults for OMX/cmex/m/n on input line 23.
LaTeX Font Info:    ... okay on input line 23.
LaTeX Font Info:    Checking defaults for U/cmr/m/n on input line 23.
LaTeX Font Info:    ... okay on input line 23.
LaTeX Font Info:    Checking defaults for PD1/pdf/m/n on input line 23.
LaTeX Font Info:    ... okay on input line 23.
LaTeX Font Info:    Checking defaults for PU/pdf/m/n on input line 23.
LaTeX Font Info:    ... okay on input line 23.

-- Lines per column: 58 (exact).
(c:/texlive/2021/texmf-dist/tex/context/base/mkii/supp-pdf.mkii
[Loading MPS to PDF converter (version 2006.09.02).]
\scratchcounter=\count314
\scratchdimen=\dimen263
\scratchbox=\box85
\nofMPsegments=\count315
\nofMParguments=\count316
\everyMPshowfont=\toks42
\MPscratchCnt=\count317
\MPscratchDim=\dimen264
\MPnumerator=\count318
\makeMPintoPDFobject=\count319
\everyMPtoPDFconversion=\toks43
)
Package hyperref Info: Link coloring OFF on input line 23.
 (c:/texlive/2021/texmf-dist/tex/latex/hyperref/nameref.sty
Package: nameref 2021-04-02 v2.47 Cross-referencing by name of section

(c:/texlive/2021/texmf-dist/tex/latex/refcount/refcount.sty
Package: refcount 2019/12/15 v3.6 Data extraction from label references (HO)
)
(c:/texlive/2021/texmf-dist/tex/generic/gettitlestring/gettitlestring.sty
Package: gettitlestring 2019/12/15 v1.6 Cleanup title references (HO)
)
\c@section@level=\count320
)
LaTeX Info: Redefining \ref on input line 23.
LaTeX Info: Redefining \pageref on input line 23.
LaTeX Info: Redefining \nameref on input line 23.

(./ALL_xx-TICPS-xxxx.out) (./ALL_xx-TICPS-xxxx.out)
\@outlinefile=\write3
\openout3 = `ALL_xx-TICPS-xxxx.out'.


(c:/texlive/2021/texmf-dist/tex/latex/translations/translations-basic-dictionar
y-english.trsl
File: translations-basic-dictionary-english.trsl (english translation file `tra
nslations-basic-dictionary')
)
Package translations Info: loading dictionary `translations-basic-dictionary' f
or `english'. on input line 23.
LaTeX Font Info:    Trying to load font information for OT1+phv on input line 4
5.
 (c:/texlive/2021/texmf-dist/tex/latex/psnfss/ot1phv.fd
File: ot1phv.fd 2020/03/25 scalable font definitions for OT1/phv.
)
LaTeX Font Info:    Font shape `OT1/phv/m/it' in size <11> not available
(Font)              Font shape `OT1/phv/m/sl' tried instead on input line 45.
LaTeX Font Info:    Font shape `OT1/phv/b/it' in size <9> not available
(Font)              Font shape `OT1/phv/b/sl' tried instead on input line 46.

[1{c:/texlive/2021/texmf-var/fonts/map/pdftex/updmap/pdftex.map}


]
Underfull \hbox (badness 5607) in paragraph at lines 77--78
[]\OT1/ptm/m/n/10 This doc-u-ment is a tem-plate for au-thors. If you
 []


Underfull \hbox (badness 3724) in paragraph at lines 77--78
\OT1/ptm/m/n/10 please down-load the elec-tronic file, TRANS-JOUR.zip,
 []


Underfull \hbox (badness 2418) in paragraph at lines 77--78
\OT1/ptm/m/n/10 from the TIE Web site at []$http : / / www . ieee-[]ies . org /
 pubs /
 []

LaTeX Font Info:    Trying to load font information for TS1+ptm on input line 9
4.
(c:/texlive/2021/texmf-dist/tex/latex/psnfss/ts1ptm.fd
File: ts1ptm.fd 2001/06/04 font definitions for TS1/ptm.
)
Underfull \hbox (badness 10000) in paragraph at lines 99--100
[]\OT1/ptm/m/n/10 Open Schol-arOne[]^^P?`\TS1/ptm/m/n/10 ½ \OT1/ptm/m/n/10 Manu
scripts web []$http :
 []


Underfull \hbox (badness 10000) in paragraph at lines 99--100
\OT1/ptm/m/n/10 / / mc . manuscriptcentral . com / tie-[]ieee$[]. If you do not

 []

[2]
LaTeX Font Info:    Font shape `OT1/phv/m/it' in size <10> not available
(Font)              Font shape `OT1/phv/m/sl' tried instead on input line 108.

Underfull \hbox (badness 1789) in paragraph at lines 126--127
[]\OT1/ptm/b/n/10 Write clearly your manuscript\OT1/ptm/m/n/10 . Try to keep yo
ur
 []

[3]
Underfull \hbox (badness 8170) in paragraph at lines 167--168
[]\OT1/ptm/m/n/10 Once au-thors up-load fi-nal files in Schol-arOne[]^^P?`\TS1/
ptm/m/n/10 ½
 []


Underfull \hbox (badness 2990) in paragraph at lines 185--186
[]\OT1/ptm/m/n/10 A gen-eral IEEE style guide is avail-able at []$https : / /
 []

[4]
Package epstopdf Info: Source file: <FIG1.eps>
(epstopdf)                    date: 2016-02-08 04:48:38
(epstopdf)                    size: 1482166 bytes
(epstopdf)             Output file: <FIG1-eps-converted-to.pdf>
(epstopdf)                    date: 2023-06-23 21:59:02
(epstopdf)                    size: 65468 bytes
(epstopdf)             Command: <repstopdf --outfile=FIG1-eps-converted-to.pdf 
FIG1.eps>
(epstopdf)             \includegraphics on input line 218.
Package epstopdf Info: Output file is already uptodate.
<FIG1-eps-converted-to.pdf, id=212, 731.73375pt x 555.07375pt>
File: FIG1-eps-converted-to.pdf Graphic file (type pdf)
<use FIG1-eps-converted-to.pdf>
Package pdftex.def Info: FIG1-eps-converted-to.pdf  used on input line 218.
(pdftex.def)             Requested size: 241.84842pt x 183.46286pt.
 [5 <./FIG1-eps-converted-to.pdf>]
Underfull \hbox (badness 2941) in paragraph at lines 298--299
\OT1/ptm/m/n/10 (red/green/blue) and CMYK (cyan/magenta/yellow/black).
 []


Underfull \hbox (badness 2469) in paragraph at lines 300--301
\OT1/ptm/m/n/10 color space. Grayscale im-ages should be sub-mit-ted in
 []

[6]

LaTeX Warning: Citation `inproceedings1' on page 7 undefined on input line 352.



LaTeX Warning: Citation `article1' on page 7 undefined on input line 352.


LaTeX Warning: Citation `article2' on page 7 undefined on input line 352.


LaTeX Warning: Citation `article3' on page 7 undefined on input line 352.


LaTeX Warning: Citation `article4' on page 7 undefined on input line 352.


LaTeX Warning: Citation `article5' on page 7 undefined on input line 352.


LaTeX Warning: Citation `article6' on page 7 undefined on input line 352.


LaTeX Warning: Citation `article7' on page 7 undefined on input line 352.


LaTeX Warning: Citation `article8' on page 7 undefined on input line 352.


LaTeX Warning: Citation `article9' on page 7 undefined on input line 352.


LaTeX Warning: Citation `article10' on page 7 undefined on input line 352.


LaTeX Warning: Citation `patent1' on page 7 undefined on input line 352.


LaTeX Warning: Citation `onlinebook1' on page 7 undefined on input line 352.


LaTeX Warning: Citation `inbook1' on page 7 undefined on input line 356.


LaTeX Warning: Citation `book1' on page 7 undefined on input line 356.


LaTeX Warning: Citation `book2' on page 7 undefined on input line 356.


LaTeX Warning: Citation `book3' on page 7 undefined on input line 356.


Underfull \vbox (badness 2707) has occurred while \output is active []

 [7]
No file ALL_xx-TICPS-xxxx.bbl.
Package epstopdf Info: Source file: <photo-men.eps>
(epstopdf)                    date: 2019-11-12 21:19:22
(epstopdf)                    size: 730066 bytes
(epstopdf)             Output file: <photo-men-eps-converted-to.pdf>
(epstopdf)                    date: 2023-06-23 21:59:04
(epstopdf)                    size: 83159 bytes
(epstopdf)             Command: <repstopdf --outfile=photo-men-eps-converted-to
.pdf photo-men.eps>
(epstopdf)             \includegraphics on input line 395.
Package epstopdf Info: Output file is already uptodate.
<photo-men-eps-converted-to.pdf, id=272, 107.40125pt x 125.46875pt>
File: photo-men-eps-converted-to.pdf Graphic file (type pdf)
<use photo-men-eps-converted-to.pdf>
Package pdftex.def Info: photo-men-eps-converted-to.pdf  used on input line 395
.
(pdftex.def)             Requested size: 72.27145pt x 84.42928pt.
Package epstopdf Info: Source file: <photo-men.eps>
(epstopdf)                    date: 2019-11-12 21:19:22
(epstopdf)                    size: 730066 bytes
(epstopdf)             Output file: <photo-men-eps-converted-to.pdf>
(epstopdf)                    date: 2023-06-23 21:59:04
(epstopdf)                    size: 83159 bytes
(epstopdf)             Command: <repstopdf --outfile=photo-men-eps-converted-to
.pdf photo-men.eps>
(epstopdf)             \includegraphics on input line 395.
Package epstopdf Info: Output file is already uptodate.
File: photo-men-eps-converted-to.pdf Graphic file (type pdf)
<use photo-men-eps-converted-to.pdf>
Package pdftex.def Info: photo-men-eps-converted-to.pdf  used on input line 395
.
(pdftex.def)             Requested size: 72.27145pt x 84.42928pt.
Package epstopdf Info: Source file: <photo-men.eps>
(epstopdf)                    date: 2019-11-12 21:19:22
(epstopdf)                    size: 730066 bytes
(epstopdf)             Output file: <photo-men-eps-converted-to.pdf>
(epstopdf)                    date: 2023-06-23 21:59:04
(epstopdf)                    size: 83159 bytes
(epstopdf)             Command: <repstopdf --outfile=photo-men-eps-converted-to
.pdf photo-men.eps>
(epstopdf)             \includegraphics on input line 404.
Package epstopdf Info: Output file is already uptodate.
File: photo-men-eps-converted-to.pdf Graphic file (type pdf)
<use photo-men-eps-converted-to.pdf>
Package pdftex.def Info: photo-men-eps-converted-to.pdf  used on input line 404
.
(pdftex.def)             Requested size: 72.27145pt x 84.42928pt.
Package epstopdf Info: Source file: <photo-men.eps>
(epstopdf)                    date: 2019-11-12 21:19:22
(epstopdf)                    size: 730066 bytes
(epstopdf)             Output file: <photo-men-eps-converted-to.pdf>
(epstopdf)                    date: 2023-06-23 21:59:04
(epstopdf)                    size: 83159 bytes
(epstopdf)             Command: <repstopdf --outfile=photo-men-eps-converted-to
.pdf photo-men.eps>
(epstopdf)             \includegraphics on input line 404.
Package epstopdf Info: Output file is already uptodate.
File: photo-men-eps-converted-to.pdf Graphic file (type pdf)
<use photo-men-eps-converted-to.pdf>
Package pdftex.def Info: photo-men-eps-converted-to.pdf  used on input line 404
.
(pdftex.def)             Requested size: 72.27145pt x 84.42928pt.
Package epstopdf Info: Source file: <photo-men.eps>
(epstopdf)                    date: 2019-11-12 21:19:22
(epstopdf)                    size: 730066 bytes
(epstopdf)             Output file: <photo-men-eps-converted-to.pdf>
(epstopdf)                    date: 2023-06-23 21:59:04
(epstopdf)                    size: 83159 bytes
(epstopdf)             Command: <repstopdf --outfile=photo-men-eps-converted-to
.pdf photo-men.eps>
(epstopdf)             \includegraphics on input line 414.
Package epstopdf Info: Output file is already uptodate.
File: photo-men-eps-converted-to.pdf Graphic file (type pdf)
<use photo-men-eps-converted-to.pdf>
Package pdftex.def Info: photo-men-eps-converted-to.pdf  used on input line 414
.
(pdftex.def)             Requested size: 72.27145pt x 84.42928pt.
Package epstopdf Info: Source file: <photo-men.eps>
(epstopdf)                    date: 2019-11-12 21:19:22
(epstopdf)                    size: 730066 bytes
(epstopdf)             Output file: <photo-men-eps-converted-to.pdf>
(epstopdf)                    date: 2023-06-23 21:59:04
(epstopdf)                    size: 83159 bytes
(epstopdf)             Command: <repstopdf --outfile=photo-men-eps-converted-to
.pdf photo-men.eps>
(epstopdf)             \includegraphics on input line 414.
Package epstopdf Info: Output file is already uptodate.
File: photo-men-eps-converted-to.pdf Graphic file (type pdf)
<use photo-men-eps-converted-to.pdf>
Package pdftex.def Info: photo-men-eps-converted-to.pdf  used on input line 414
.
(pdftex.def)             Requested size: 72.27145pt x 84.42928pt.
[8 <./photo-men-eps-converted-to.pdf>]
[leftcolumn badness]: 1000000 on 7.28809pt
[rightcolumn badness]: 1000000 on 7.28809pt
[leftcolumn badness]: 1000000 on 7.28809pt
[rightcolumn badness]: 1000000 on 7.28809pt
[leftcolumn badness]: 1000000 on 7.28809pt
[rightcolumn badness]: 1000000 on 7.28809pt
[leftcolumn badness]: 1000000 on 7.28809pt
[rightcolumn badness]: 1000000 on 7.28809pt
[leftcolumn badness]: 1000000 on 7.28809pt
[rightcolumn badness]: 1000000 on 7.28809pt
[leftcolumn badness]: 1000000 on 7.28809pt
[rightcolumn badness]: 1000000 on 7.28809pt
- LAST -
Extra skip:10.77998pt
Left:84.0pt/1.77998pt
Right:75.0pt/0.0pt
Split: 84.0pt
Output:84.0pt
Pageshrink: 0.0pt
Pagestretch: 0.0pt
@colht:696.0pt
FLUSHEND [output]: 84.0pt
FLUSHEND [leftcolumn badness]: 0
FUSHEND [rightcolumn badness]: 10000
 [9] (./ALL_xx-TICPS-xxxx.aux)

LaTeX Warning: There were undefined references.


Package rerunfilecheck Warning: File `ALL_xx-TICPS-xxxx.out' has changed.
(rerunfilecheck)                Rerun to get outlines right
(rerunfilecheck)                or use package `bookmark'.

Package rerunfilecheck Info: Checksums for `ALL_xx-TICPS-xxxx.out':
(rerunfilecheck)             Before: AD61223E97B02D0C3FA3FDB5C676BE12;6062
(rerunfilecheck)             After:  057101A651D309F8C0291ACFDEB79073;6343.
 ) 
Here is how much of TeX's memory you used:
 14997 strings out of 479060
 289510 string characters out of 5866452
 578157 words of memory out of 5000000
 32733 multiletter control sequences out of 15000+600000
 461152 words of font info for 123 fonts, out of 8000000 for 9000
 670 hyphenation exceptions out of 8191
 68i,22n,77p,1570b,875s stack positions out of 5000i,500n,10000p,200000b,80000s
pdfTeX warning (dest): name{subsection.8.13} has been referenced but does not
 exist, replaced by a fixed one

pdfTeX warning (dest): name{subsection.8.12} has been referenced but does not e
xist, replaced by a fixed one

pdfTeX warning (dest): name{subsection.8.11} has been referenced but does not e
xist, replaced by a fixed one

pdfTeX warning (dest): name{subsection.8.10} has been referenced but does not e
xist, replaced by a fixed one

pdfTeX warning (dest): name{subsection.8.9} has been referenced but does not ex
ist, replaced by a fixed one

pdfTeX warning (dest): name{subsection.8.8} has been referenced but does not ex
ist, replaced by a fixed one

pdfTeX warning (dest): name{subsection.8.7} has been referenced but does not ex
ist, replaced by a fixed one

pdfTeX warning (dest): name{subsection.8.6} has been referenced but does not ex
ist, replaced by a fixed one

pdfTeX warning (dest): name{subsection.8.5} has been referenced but does not ex
ist, replaced by a fixed one

pdfTeX warning (dest): name{subsection.8.4} has been referenced but does not ex
ist, replaced by a fixed one

pdfTeX warning (dest): name{subsection.8.3} has been referenced but does not ex
ist, replaced by a fixed one

pdfTeX warning (dest): name{subsection.8.2} has been referenced but does not ex
ist, replaced by a fixed one

pdfTeX warning (dest): name{subsection.8.1} has been referenced but does not ex
ist, replaced by a fixed one

pdfTeX warning (dest): name{subsection.5.2} has been referenced but does not ex
ist, replaced by a fixed one

pdfTeX warning (dest): name{subsection.4.1} has been referenced but does not ex
ist, replaced by a fixed one

pdfTeX warning (dest): name{subsection.2.1} has been referenced but does not ex
ist, replaced by a fixed one

{c:/texlive/2021/texmf-dist/fonts/enc/dvips/base/8r.enc}<c:/texlive/2021/texmf-
dist/fonts/type1/public/amsfonts/cm/cmex10.pfb><c:/texlive/2021/texmf-dist/font
s/type1/public/amsfonts/cm/cmmi10.pfb><c:/texlive/2021/texmf-dist/fonts/type1/p
ublic/amsfonts/cm/cmmi6.pfb><c:/texlive/2021/texmf-dist/fonts/type1/public/amsf
onts/cm/cmmi7.pfb><c:/texlive/2021/texmf-dist/fonts/type1/public/amsfonts/cm/cm
mi8.pfb><c:/texlive/2021/texmf-dist/fonts/type1/public/amsfonts/cm/cmr10.pfb><c
:/texlive/2021/texmf-dist/fonts/type1/public/amsfonts/cm/cmr5.pfb><c:/texlive/2
021/texmf-dist/fonts/type1/public/amsfonts/cm/cmr6.pfb><c:/texlive/2021/texmf-d
ist/fonts/type1/public/amsfonts/cm/cmr7.pfb><c:/texlive/2021/texmf-dist/fonts/t
ype1/public/amsfonts/cm/cmr8.pfb><c:/texlive/2021/texmf-dist/fonts/type1/public
/amsfonts/cm/cmsy10.pfb><c:/texlive/2021/texmf-dist/fonts/type1/public/amsfonts
/cm/cmsy7.pfb><c:/texlive/2021/texmf-dist/fonts/type1/public/amsfonts/cm/cmsy8.
pfb><c:/texlive/2021/texmf-dist/fonts/type1/urw/helvetic/uhvb8a.pfb><c:/texlive
/2021/texmf-dist/fonts/type1/urw/helvetic/uhvbo8a.pfb><c:/texlive/2021/texmf-di
st/fonts/type1/urw/helvetic/uhvr8a.pfb><c:/texlive/2021/texmf-dist/fonts/type1/
urw/helvetic/uhvro8a.pfb><c:/texlive/2021/texmf-dist/fonts/type1/urw/times/utmb
8a.pfb><c:/texlive/2021/texmf-dist/fonts/type1/urw/times/utmr8a.pfb><c:/texlive
/2021/texmf-dist/fonts/type1/urw/times/utmri8a.pfb>
Output written on ALL_xx-TICPS-xxxx.pdf (9 pages, 396553 bytes).
PDF statistics:
 416 PDF objects out of 1000 (max. 8388607)
 348 compressed objects within 4 object streams
 109 named destinations out of 1000 (max. 500000)
 327 words of extra memory for PDF output out of 10000 (max. 10000000)

